<?xml version="1.0" encoding="UTF-8"?>
<!-- Generated by org.testng.reporters.JUnitReportReporter -->
<testsuite hostname="Critical" name="com.Naukri.BDDFrameworkTest.execution_3" tests="1" failures="0" timestamp="21 Apr 2019 09:10:04 GMT" time="45.324" errors="0">
  <testcase name="feature" time="45.324" classname="com.Naukri.BDDFrameworkTest.execution_3"/>
</testsuite> <!-- com.Naukri.BDDFrameworkTest.execution_3 -->
