<?xml version="1.0" encoding="UTF-8"?>
<!-- Generated by org.testng.reporters.JUnitReportReporter -->
<testsuite skipped="0" hostname="DESKTOP-5VQA5NO" name="LINKEDIN.App" tests="1" failures="0" timestamp="10 Oct 2018 05:53:33 GMT" time="56.657" errors="0">
  <testcase name="executin" time="56.657" classname="LINKEDIN.App"/>
</testsuite> <!-- LINKEDIN.App -->
