<?xml version="1.0" encoding="UTF-8"?>
<!-- Generated by org.testng.reporters.JUnitReportReporter -->
<testsuite skipped="0" hostname="Critical" name="rnd.starProgram" tests="8" failures="0" timestamp="01 Nov 2018 06:15:57 GMT" time="0.047" errors="0">
  <testcase name="program1" time="0.021" classname="rnd.starProgram"/>
  <testcase name="program2" time="0.005" classname="rnd.starProgram"/>
  <testcase name="numberPyramid" time="0.003" classname="rnd.starProgram"/>
  <testcase name="program3" time="0.003" classname="rnd.starProgram"/>
  <testcase name="program4" time="0.004" classname="rnd.starProgram"/>
  <testcase name="diamondProgram" time="0.004" classname="rnd.starProgram"/>
  <testcase name="diamondNumber" time="0.004" classname="rnd.starProgram"/>
  <testcase name="RevNumberPyramid1" time="0.003" classname="rnd.starProgram"/>
</testsuite> <!-- rnd.starProgram -->
