<?xml version="1.0" encoding="UTF-8"?>
<!-- Generated by org.testng.reporters.JUnitReportReporter -->
<testsuite skipped="0" hostname="Critical" name="LINKEDIN.AppTest" tests="1" failures="0" timestamp="08 Dec 2018 15:08:52 GMT" time="13.142" errors="0">
  <testcase name="executin" time="13.142" classname="LINKEDIN.AppTest"/>
</testsuite> <!-- LINKEDIN.AppTest -->
