<?xml version="1.0" encoding="UTF-8"?>
<!-- Generated by org.testng.reporters.JUnitReportReporter -->
<testsuite skipped="0" hostname="Critical" name="LINKEDIN.AppTest" tests="1" failures="0" timestamp="30 Dec 2018 08:26:49 GMT" time="8.345" errors="0">
  <testcase name="executin" time="8.345" classname="LINKEDIN.AppTest"/>
</testsuite> <!-- LINKEDIN.AppTest -->
