<?xml version="1.0" encoding="UTF-8"?>
<!-- Generated by org.testng.reporters.JUnitReportReporter -->
<testsuite skipped="0" hostname="Critical" name="rnd.rcursion" tests="1" failures="0" timestamp="22 Nov 2018 17:39:43 GMT" time="0.016" errors="0">
  <testcase name="rvsttrTest" time="0.016" classname="rnd.rcursion"/>
</testsuite> <!-- rnd.rcursion -->
