<?xml version="1.0" encoding="UTF-8"?>
<!-- Generated by org.testng.reporters.JUnitReportReporter -->
<testsuite skipped="0" hostname="Critical" name="LINKEDIN.linkedin_DDT" tests="1" failures="0" timestamp="05 Jan 2019 10:35:06 GMT" time="82.153" errors="0">
  <testcase name="execution" time="82.153" classname="LINKEDIN.linkedin_DDT"/>
</testsuite> <!-- LINKEDIN.linkedin_DDT -->
