<?xml version="1.0" encoding="UTF-8"?>
<!-- Generated by org.testng.reporters.JUnitReportReporter -->
<testsuite hostname="parthadas" failures="0" tests="1" name="LINKEDIN.linkedin_DDT" time="57.297" errors="0" timestamp="2020-05-09T00:54:30 IST" skipped="0">
  <testcase classname="LINKEDIN.linkedin_DDT" name="execution" time="57.297"/>
  <system-out/>
</testsuite> <!-- LINKEDIN.linkedin_DDT -->
