<?xml version="1.0" encoding="UTF-8"?>
<!-- Generated by org.testng.reporters.JUnitReportReporter -->
<testsuite skipped="0" hostname="Critical" name="commomUtil.readXMLfile" tests="1" failures="0" timestamp="08 Nov 2018 08:54:39 GMT" time="0.053" errors="0">
  <testcase name="getTestData" time="0.053" classname="commomUtil.readXMLfile"/>
</testsuite> <!-- commomUtil.readXMLfile -->
