<?xml version="1.0" encoding="UTF-8"?>
<!-- Generated by org.testng.reporters.JUnitReportReporter -->
<testsuite skipped="0" hostname="Critical" name="LINKEDIN.linkedin_DDT" tests="1" failures="0" timestamp="03 Aug 2019 11:37:38 GMT" time="43.515" errors="0">
  <testcase name="execution" time="43.515" classname="LINKEDIN.linkedin_DDT"/>
</testsuite> <!-- LINKEDIN.linkedin_DDT -->
