<?xml version="1.0" encoding="UTF-8"?>
<!-- Generated by org.testng.reporters.JUnitReportReporter -->
<testsuite skipped="0" hostname="Critical" name="LINKEDIN.linkedin_DDT" tests="1" failures="0" timestamp="03 Nov 2018 12:34:43 GMT" time="34.852" errors="0">
  <testcase name="executin" time="34.852" classname="LINKEDIN.linkedin_DDT"/>
</testsuite> <!-- LINKEDIN.linkedin_DDT -->
