<?xml version="1.0" encoding="UTF-8"?>
<!-- Generated by org.testng.reporters.JUnitReportReporter -->
<testsuite skipped="0" hostname="Critical" name="LINKEDIN.linkedin_DDT" tests="1" failures="0" timestamp="25 Oct 2018 19:35:37 GMT" time="28.588" errors="0">
  <testcase name="executin" time="28.588" classname="LINKEDIN.linkedin_DDT"/>
</testsuite> <!-- LINKEDIN.linkedin_DDT -->
