<?xml version="1.0" encoding="UTF-8"?>
<!-- Generated by org.testng.reporters.JUnitReportReporter -->
<testsuite skipped="0" hostname="Critical" name="LINKEDIN.linkedin_DDT" tests="1" failures="0" timestamp="08 Nov 2018 11:19:06 GMT" time="64.456" errors="0">
  <testcase name="executin" time="64.456" classname="LINKEDIN.linkedin_DDT"/>
</testsuite> <!-- LINKEDIN.linkedin_DDT -->
